<?xml version="1.0" encoding="utf-8"?><testsuites name="pytest tests"><testsuite name="pytest" errors="0" failures="1" skipped="0" tests="37" time="5.171" timestamp="2026-09-25T09:27:03.678253+00:00" hostname="agent-env-3c5019ba-ba8d-4c49-b006-bb1db6ba7027"><testcase classname="tests.test_sacred_spice_api.TestAuth" name="test_register_returns_dev_otp" time="0.254" /><testcase classname="tests.test_sacred_spice_api.TestAuth" name="test_verify_otp_then_login" time="0.323" /><testcase classname="tests.test_sacred_spice_api.TestCartAndQuote" name="test_add_missing_required_modifier_fails" time="0.495" /><testcase classname="tests.test_sacred_spice_api.TestCartAndQuote" name="test_add_with_required_modifier_ok" time="0.186" /><testcase classname="tests.test_sacred_spice_api.TestAuth" name="test_login_seed_user" time="0.134" /><testcase classname="tests.test_sacred_spice_api.TestAuth" name="test_login_bad_password" time="0.090" /><testcase classname="tests.test_sacred_spice_api.TestCartAndQuote" name="test_patch_quantity_zero_removes" time="0.317" /><testcase classname="tests.test_sacred_spice_api.TestAuth" name="test_refresh_rotates" time="0.159"><failure message="AssertionError: Internal Server Error&#10;assert 500 == 200&#10; +  where 500 = &lt;Response [500]&gt;.status_code">E   AssertionError: Internal Server Error
    assert 500 == 200
     +  where 500 = &lt;Response [500]&gt;.status_code</failure></testcase><testcase classname="tests.test_sacred_spice_api.TestAuth" name="test_profile_requires_bearer" time="0.058" /><testcase classname="tests.test_sacred_spice_api.TestAuth" name="test_profile_ok_with_bearer" time="0.104" /><testcase classname="tests.test_sacred_spice_api.TestCartAndQuote" name="test_get_cart_subtotal" time="0.247" /><testcase classname="tests.test_sacred_spice_api.TestOutletsMenu" name="test_list_outlets" time="0.059" /><testcase classname="tests.test_sacred_spice_api.TestOutletsMenu" name="test_list_outlets_with_geo" time="0.063" /><testcase classname="tests.test_sacred_spice_api.TestOutletsMenu" name="test_get_outlet" time="0.098" /><testcase classname="tests.test_sacred_spice_api.TestCartAndQuote" name="test_quote_pickup_with_promo" time="0.269" /><testcase classname="tests.test_sacred_spice_api.TestOutletsMenu" name="test_get_menu" time="0.058" /><testcase classname="tests.test_sacred_spice_api.TestOutletsMenu" name="test_get_item_with_recs" time="0.060" /><testcase classname="tests.test_sacred_spice_api.TestLoyaltyPromoNotifProfile" name="test_loyalty" time="0.105" /><testcase classname="tests.test_sacred_spice_api.TestLoyaltyPromoNotifProfile" name="test_promotions_eligible" time="0.104" /><testcase classname="tests.test_sacred_spice_api.TestCartAndQuote" name="test_quote_delivery_without_address_errors" time="0.261" /><testcase classname="tests.test_sacred_spice_api.TestLoyaltyPromoNotifProfile" name="test_notifications_flow" time="0.231" /><testcase classname="tests.test_sacred_spice_api.TestCartAndQuote" name="test_quote_dine_in_without_table_errors" time="0.223" /><testcase classname="tests.test_sacred_spice_api.TestLoyaltyPromoNotifProfile" name="test_profile_patch" time="0.058" /><testcase classname="tests.test_sacred_spice_api.TestLoyaltyPromoNotifProfile" name="test_address_crud" time="0.260" /><testcase classname="tests.test_sacred_spice_api.TestCartAndQuote" name="test_quote_scheduled_too_soon_errors" time="0.285" /><testcase classname="tests.test_sacred_spice_api.TestReservationsAndWaitlist" name="test_availability" time="0.060" /><testcase classname="tests.test_sacred_spice_api.TestReservationsAndWaitlist" name="test_reserve_high_demand_slot_pending_then_confirm" time="0.243" /><testcase classname="tests.test_sacred_spice_api.TestCartAndQuote" name="test_place_order_pickup" time="0.424" /><testcase classname="tests.test_sacred_spice_api.TestReservationsAndWaitlist" name="test_reserve_regular_slot_confirmed" time="0.182" /><testcase classname="tests.test_sacred_spice_api.TestReservationsAndWaitlist" name="test_waitlist_join_current_leave" time="0.210" /><testcase classname="tests.test_sacred_spice_api" name="test_root_ok" time="0.061" /><testcase classname="tests.test_sacred_spice_api.TestCartAndQuote" name="test_list_and_get_order" time="0.441" /><testcase classname="tests.test_sacred_spice_api" name="test_health_mongo" time="0.058" /><testcase classname="tests.test_sacred_spice_api.TestCartAndQuote" name="test_cancel_fresh_order" time="0.416" /><testcase classname="tests.test_sacred_spice_api.TestCartAndQuote" name="test_reorder_refills_cart" time="0.499" /><testcase classname="tests.test_sacred_spice_api.TestCartAndQuote" name="test_idempotency_dedupe" time="0.337" /><testcase classname="tests.test_sacred_spice_api.TestCartAndQuote" name="test_feedback_low_rating_recovery_and_duplicate" time="0.413" /></testsuite></testsuites>